<?xml version="1.0" encoding="UTF-8"?>
<testng-results ignored="0" total="1" passed="1" failed="0" skipped="0">
  <reporter-output>
  </reporter-output>
  <suite started-at="2021-08-04T19:20:18 IST" name="Suite" finished-at="2021-08-04T19:20:18 IST" duration-ms="72">
    <groups>
    </groups>
    <test started-at="2021-08-04T19:20:18 IST" name="Test" finished-at="2021-08-04T19:20:18 IST" duration-ms="72">
      <class name="com.ty.APIProject.CreateProjectTest">
        <test-method signature="createProjectTest()[pri:0, instance:com.ty.APIProject.CreateProjectTest@10959ece]" started-at="2021-08-04T19:20:18 IST" name="createProjectTest" finished-at="2021-08-04T19:20:18 IST" duration-ms="16" status="PASS">
          <reporter-output>
          </reporter-output>
        </test-method> <!-- createProjectTest -->
      </class> <!-- com.ty.APIProject.CreateProjectTest -->
    </test> <!-- Test -->
  </suite> <!-- Suite -->
</testng-results>
