<?xml version="1.0" encoding="UTF-8"?>
<testng-results ignored="0" total="2" passed="2" failed="0" skipped="0">
  <reporter-output>
  </reporter-output>
  <suite started-at="2021-08-04T22:29:50 IST" name="Suite" finished-at="2021-08-04T22:29:50 IST" duration-ms="67">
    <groups>
    </groups>
    <test started-at="2021-08-04T22:29:50 IST" name="Test" finished-at="2021-08-04T22:29:50 IST" duration-ms="67">
      <class name="com.ty.APIProject.ParameterizedClassTest">
        <test-method signature="parameterizedData()[pri:0, instance:com.ty.APIProject.ParameterizedClassTest@34f7cfd9]" started-at="2021-08-04T22:29:50 IST" name="parameterizedData" finished-at="2021-08-04T22:29:50 IST" duration-ms="14" status="PASS">
          <reporter-output>
          </reporter-output>
        </test-method> <!-- parameterizedData -->
      </class> <!-- com.ty.APIProject.ParameterizedClassTest -->
      <class name="com.ty.APIProject.CreateProjectTest">
        <test-method signature="createProjectTest()[pri:0, instance:com.ty.APIProject.CreateProjectTest@1ba9117e]" started-at="2021-08-04T22:29:50 IST" name="createProjectTest" finished-at="2021-08-04T22:29:50 IST" duration-ms="2" status="PASS">
          <reporter-output>
          </reporter-output>
        </test-method> <!-- createProjectTest -->
      </class> <!-- com.ty.APIProject.CreateProjectTest -->
    </test> <!-- Test -->
  </suite> <!-- Suite -->
</testng-results>
